<?xml version="1.0" encoding="UTF-8"?>
<!-- Generated by org.testng.reporters.JUnitReportReporter -->
<testsuite hostname="mkondic-ThinkPad-T420" name="rs.ac.uns.testdevelopment.ssluzba.AppTest" tests="1" failures="0" timestamp="20 Mar 2016 10:34:40 GMT" time="0.004" errors="0">
  <testcase name="testApp" time="0.004" classname="rs.ac.uns.testdevelopment.ssluzba.AppTest"/>
</testsuite>
